[INFO ] 24-10-19 14:37:14 [CookieSessionApplication:50] - Starting CookieSessionApplication using Java 17.0.2 with PID 2163 (/Users/song-gilju/Desktop/web3/09-SpringBoot/05-cookie_session/build/classes/java/main started by song-gilju in /Users/song-gilju/Desktop/web3/09-SpringBoot/05-cookie_session)
[DEBUG] 24-10-19 14:37:14 [CookieSessionApplication:51] - Running with Spring Boot v3.3.4, Spring v6.1.13
[INFO ] 24-10-19 14:37:14 [CookieSessionApplication:654] - No active profile set, falling back to 1 default profile: "default"
[INFO ] 24-10-19 14:37:14 [CookieSessionApplication:56] - Started CookieSessionApplication in 0.91 seconds (process running for 1.147)
[INFO ] 24-10-19 14:37:24 [MyInterceptor:32] - ----------------- new client connect -----------------
[INFO ] 24-10-19 14:37:24 [MyInterceptor:49] - [Client] 0:0:0:0:0:0:0:1, Mac, Mac OS X, 10.15, Chrome, 129.0
[INFO ] 24-10-19 14:37:24 [MyInterceptor:67] - [GET] http://localhost:8080/
[INFO ] 24-10-19 14:37:24 [MyInterceptor:91] - running time: 86(ms)
[INFO ] 24-10-19 14:37:27 [MyInterceptor:32] - ----------------- new client connect -----------------
[INFO ] 24-10-19 14:37:27 [MyInterceptor:49] - [Client] 0:0:0:0:0:0:0:1, Mac, Mac OS X, 10.15, Chrome, 129.0
[INFO ] 24-10-19 14:37:27 [MyInterceptor:67] - [GET] http://localhost:8080/session/login
[INFO ] 24-10-19 14:37:27 [MyInterceptor:81] - - REFERER : time=-2794, url=http://localhost:8080/
[INFO ] 24-10-19 14:37:27 [MyInterceptor:91] - running time: 55(ms)
[INFO ] 24-10-19 14:37:28 [MyInterceptor:32] - ----------------- new client connect -----------------
[INFO ] 24-10-19 14:37:28 [MyInterceptor:49] - [Client] 0:0:0:0:0:0:0:1, Mac, Mac OS X, 10.15, Chrome, 129.0
[INFO ] 24-10-19 14:37:28 [MyInterceptor:67] - [GET] http://localhost:8080/cookie/popup
[INFO ] 24-10-19 14:37:28 [MyInterceptor:81] - - REFERER : time=-987, url=http://localhost:8080/session/login
[INFO ] 24-10-19 14:37:28 [MyInterceptor:91] - running time: 43(ms)
[INFO ] 24-10-19 14:37:28 [MyInterceptor:32] - ----------------- new client connect -----------------
[INFO ] 24-10-19 14:37:28 [MyInterceptor:49] - [Client] 0:0:0:0:0:0:0:1, Mac, Mac OS X, 10.15, Chrome, 129.0
[INFO ] 24-10-19 14:37:28 [MyInterceptor:67] - [GET] http://localhost:8080/cookie/home
[INFO ] 24-10-19 14:37:28 [MyInterceptor:81] - - REFERER : time=-610, url=http://localhost:8080/cookie/popup
[INFO ] 24-10-19 14:37:28 [MyInterceptor:91] - running time: 30(ms)
[INFO ] 24-10-19 14:37:29 [MyInterceptor:32] - ----------------- new client connect -----------------
[INFO ] 24-10-19 14:37:29 [MyInterceptor:49] - [Client] 0:0:0:0:0:0:0:1, Mac, Mac OS X, 10.15, Chrome, 129.0
[INFO ] 24-10-19 14:37:29 [MyInterceptor:67] - [GET] http://localhost:8080/cookie/popup
[INFO ] 24-10-19 14:37:29 [MyInterceptor:81] - - REFERER : time=-532, url=http://localhost:8080/cookie/home
[INFO ] 24-10-19 14:37:29 [MyInterceptor:91] - running time: 37(ms)
[INFO ] 24-10-19 14:37:29 [MyInterceptor:32] - ----------------- new client connect -----------------
[INFO ] 24-10-19 14:37:29 [MyInterceptor:49] - [Client] 0:0:0:0:0:0:0:1, Mac, Mac OS X, 10.15, Chrome, 129.0
[INFO ] 24-10-19 14:37:29 [MyInterceptor:67] - [GET] http://localhost:8080/session/login
[INFO ] 24-10-19 14:37:29 [MyInterceptor:81] - - REFERER : time=-447, url=http://localhost:8080/cookie/popup
[INFO ] 24-10-19 14:37:29 [MyInterceptor:91] - running time: 36(ms)
[INFO ] 24-10-19 14:37:30 [MyInterceptor:32] - ----------------- new client connect -----------------
[INFO ] 24-10-19 14:37:30 [MyInterceptor:49] - [Client] 0:0:0:0:0:0:0:1, Mac, Mac OS X, 10.15, Chrome, 129.0
[INFO ] 24-10-19 14:37:30 [MyInterceptor:67] - [GET] http://localhost:8080/session/home
[INFO ] 24-10-19 14:37:30 [MyInterceptor:81] - - REFERER : time=-358, url=http://localhost:8080/session/login
[INFO ] 24-10-19 14:37:30 [MyInterceptor:91] - running time: 35(ms)
[INFO ] 24-10-19 14:37:31 [MyInterceptor:32] - ----------------- new client connect -----------------
[INFO ] 24-10-19 14:37:31 [MyInterceptor:49] - [Client] 0:0:0:0:0:0:0:1, Mac, Mac OS X, 10.15, Chrome, 129.0
[INFO ] 24-10-19 14:37:31 [MyInterceptor:67] - [GET] http://localhost:8080/cookie/popup
[INFO ] 24-10-19 14:37:31 [MyInterceptor:81] - - REFERER : time=-911, url=http://localhost:8080/session/home
[INFO ] 24-10-19 14:37:31 [MyInterceptor:91] - running time: 25(ms)
[INFO ] 24-10-19 14:37:32 [MyInterceptor:32] - ----------------- new client connect -----------------
[INFO ] 24-10-19 14:37:32 [MyInterceptor:49] - [Client] 0:0:0:0:0:0:0:1, Mac, Mac OS X, 10.15, Chrome, 129.0
[INFO ] 24-10-19 14:37:32 [MyInterceptor:67] - [GET] http://localhost:8080/cookie/home
[INFO ] 24-10-19 14:37:32 [MyInterceptor:81] - - REFERER : time=-796, url=http://localhost:8080/cookie/popup
[INFO ] 24-10-19 14:37:32 [MyInterceptor:91] - running time: 28(ms)
[INFO ] 24-10-19 14:37:33 [MyInterceptor:32] - ----------------- new client connect -----------------
[INFO ] 24-10-19 14:37:33 [MyInterceptor:49] - [Client] 0:0:0:0:0:0:0:1, Mac, Mac OS X, 10.15, Chrome, 129.0
[INFO ] 24-10-19 14:37:33 [MyInterceptor:67] - [GET] http://localhost:8080/cookie/popup
[INFO ] 24-10-19 14:37:33 [MyInterceptor:81] - - REFERER : time=-958, url=http://localhost:8080/cookie/home
[INFO ] 24-10-19 14:37:33 [MyInterceptor:91] - running time: 23(ms)
[INFO ] 24-10-19 14:37:33 [MyInterceptor:32] - ----------------- new client connect -----------------
[INFO ] 24-10-19 14:37:33 [MyInterceptor:49] - [Client] 0:0:0:0:0:0:0:1, Mac, Mac OS X, 10.15, Chrome, 129.0
[INFO ] 24-10-19 14:37:33 [MyInterceptor:67] - [GET] http://localhost:8080/session/home
[INFO ] 24-10-19 14:37:33 [MyInterceptor:81] - - REFERER : time=-387, url=http://localhost:8080/cookie/popup
[INFO ] 24-10-19 14:37:33 [MyInterceptor:91] - running time: 25(ms)
[INFO ] 24-10-19 14:37:34 [MyInterceptor:32] - ----------------- new client connect -----------------
[INFO ] 24-10-19 14:37:34 [MyInterceptor:49] - [Client] 0:0:0:0:0:0:0:1, Mac, Mac OS X, 10.15, Chrome, 129.0
[INFO ] 24-10-19 14:37:34 [MyInterceptor:67] - [GET] http://localhost:8080/session/login
[INFO ] 24-10-19 14:37:34 [MyInterceptor:81] - - REFERER : time=-602, url=http://localhost:8080/session/home
[INFO ] 24-10-19 14:37:34 [MyInterceptor:91] - running time: 27(ms)
[INFO ] 24-10-19 14:37:34 [MyInterceptor:32] - ----------------- new client connect -----------------
[INFO ] 24-10-19 14:37:34 [MyInterceptor:49] - [Client] 0:0:0:0:0:0:0:1, Mac, Mac OS X, 10.15, Chrome, 129.0
[INFO ] 24-10-19 14:37:34 [MyInterceptor:67] - [GET] http://localhost:8080/session/home
[INFO ] 24-10-19 14:37:34 [MyInterceptor:81] - - REFERER : time=-774, url=http://localhost:8080/session/login
[INFO ] 24-10-19 14:37:34 [MyInterceptor:91] - running time: 25(ms)
