[INFO ] 24-12-27 16:25:16 [MyshopApplication:50] - Starting MyshopApplication using Java 17.0.2 with PID 60204 (/Users/song-gilju/Desktop/web3/09-SpringBoot/13-myshop/bin/main started by song-gilju in /Users/song-gilju/Desktop/web3/09-SpringBoot/13-myshop)
[DEBUG] 24-12-27 16:25:16 [MyshopApplication:51] - Running with Spring Boot v3.3.5, Spring v6.1.14
[INFO ] 24-12-27 16:25:16 [MyshopApplication:654] - No active profile set, falling back to 1 default profile: "default"
[DEBUG] 24-12-27 16:25:17 [LogFactory:109] - Logging initialized using 'class org.apache.ibatis.logging.slf4j.Slf4jImpl' adapter.
[INFO ] 24-12-27 16:25:18 [MyshopApplication:56] - Started MyshopApplication in 1.713 seconds (process running for 1.988)
[INFO ] 24-12-27 16:31:40 [MyshopApplication:50] - Starting MyshopApplication using Java 17.0.2 with PID 60431 (/Users/song-gilju/Desktop/web3/09-SpringBoot/13-myshop/bin/main started by song-gilju in /Users/song-gilju/Desktop/web3/09-SpringBoot/13-myshop)
[DEBUG] 24-12-27 16:31:40 [MyshopApplication:51] - Running with Spring Boot v3.3.5, Spring v6.1.14
[INFO ] 24-12-27 16:31:40 [MyshopApplication:654] - No active profile set, falling back to 1 default profile: "default"
[DEBUG] 24-12-27 16:31:41 [LogFactory:109] - Logging initialized using 'class org.apache.ibatis.logging.slf4j.Slf4jImpl' adapter.
[INFO ] 24-12-27 16:31:42 [MyshopApplication:56] - Started MyshopApplication in 1.586 seconds (process running for 1.827)
[INFO ] 24-12-27 16:32:00 [sqlonly:228] - DELETE FROM SPRING_SESSION
WHERE EXPIRY_TIME < 1735284720009

[INFO ] 24-12-27 16:32:23 [MyInterceptor:39] - ----------------- new client connect -----------------
[INFO ] 24-12-27 16:32:23 [MyInterceptor:56] - [Client] 0:0:0:0:0:0:0:1, Mac, Mac OS X, 10.15, Chrome, 131.0
[INFO ] 24-12-27 16:32:23 [MyInterceptor:74] - [GET] http://localhost/account/out
[INFO ] 24-12-27 16:32:23 [MyInterceptor:98] - running time: 83(ms)
[INFO ] 24-12-27 16:32:37 [MyInterceptor:39] - ----------------- new client connect -----------------
[INFO ] 24-12-27 16:32:37 [MyInterceptor:56] - [Client] 0:0:0:0:0:0:0:1, Mac, Mac OS X, 10.15, Chrome, 131.0
[INFO ] 24-12-27 16:32:37 [MyInterceptor:74] - [GET] http://localhost/api-docs
[INFO ] 24-12-27 16:32:37 [MyInterceptor:98] - running time: 57(ms)
[INFO ] 24-12-27 16:32:37 [MyInterceptor:39] - ----------------- new client connect -----------------
[INFO ] 24-12-27 16:32:37 [MyInterceptor:56] - [Client] 0:0:0:0:0:0:0:1, Mac, Mac OS X, 10.15, Chrome, 131.0
[INFO ] 24-12-27 16:32:37 [MyInterceptor:74] - [GET] http://localhost/swagger-ui/index.html
[INFO ] 24-12-27 16:32:37 [MyInterceptor:98] - running time: 28(ms)
[INFO ] 24-12-27 16:32:37 [MyInterceptor:39] - ----------------- new client connect -----------------
[INFO ] 24-12-27 16:32:37 [MyInterceptor:39] - ----------------- new client connect -----------------
[INFO ] 24-12-27 16:32:37 [MyInterceptor:39] - ----------------- new client connect -----------------
[INFO ] 24-12-27 16:32:37 [MyInterceptor:39] - ----------------- new client connect -----------------
[INFO ] 24-12-27 16:32:37 [MyInterceptor:39] - ----------------- new client connect -----------------
[INFO ] 24-12-27 16:32:37 [MyInterceptor:56] - [Client] 0:0:0:0:0:0:0:1, Mac, Mac OS X, 10.15, Chrome, 131.0
[INFO ] 24-12-27 16:32:37 [MyInterceptor:74] - [GET] http://localhost/swagger-ui/index.css
[INFO ] 24-12-27 16:32:37 [MyInterceptor:88] - - REFERER : time=-11, url=http://localhost/swagger-ui/index.html
[INFO ] 24-12-27 16:32:37 [MyInterceptor:98] - running time: 86(ms)
[INFO ] 24-12-27 16:32:37 [MyInterceptor:56] - [Client] 0:0:0:0:0:0:0:1, Mac, Mac OS X, 10.15, Chrome, 131.0
[INFO ] 24-12-27 16:32:37 [MyInterceptor:74] - [GET] http://localhost/swagger-ui/swagger-ui-standalone-preset.js
[INFO ] 24-12-27 16:32:37 [MyInterceptor:88] - - REFERER : time=86, url=http://localhost/swagger-ui/index.html
[INFO ] 24-12-27 16:32:37 [MyInterceptor:98] - running time: 130(ms)
[INFO ] 24-12-27 16:32:37 [MyInterceptor:56] - [Client] 0:0:0:0:0:0:0:1, Mac, Mac OS X, 10.15, Chrome, 131.0
[INFO ] 24-12-27 16:32:37 [MyInterceptor:74] - [GET] http://localhost/swagger-ui/swagger-ui.css
[INFO ] 24-12-27 16:32:37 [MyInterceptor:88] - - REFERER : time=130, url=http://localhost/swagger-ui/index.html
[INFO ] 24-12-27 16:32:37 [MyInterceptor:56] - [Client] 0:0:0:0:0:0:0:1, Mac, Mac OS X, 10.15, Chrome, 131.0
[INFO ] 24-12-27 16:32:37 [MyInterceptor:74] - [GET] http://localhost/swagger-ui/swagger-ui-bundle.js
[INFO ] 24-12-27 16:32:37 [MyInterceptor:56] - [Client] 0:0:0:0:0:0:0:1, Mac, Mac OS X, 10.15, Chrome, 131.0
[INFO ] 24-12-27 16:32:37 [MyInterceptor:88] - - REFERER : time=130, url=http://localhost/swagger-ui/index.html
[INFO ] 24-12-27 16:32:37 [MyInterceptor:74] - [GET] http://localhost/swagger-ui/swagger-initializer.js
[INFO ] 24-12-27 16:32:37 [MyInterceptor:88] - - REFERER : time=130, url=http://localhost/swagger-ui/index.html
[INFO ] 24-12-27 16:32:37 [MyInterceptor:98] - running time: 135(ms)
[INFO ] 24-12-27 16:32:37 [MyInterceptor:98] - running time: 137(ms)
[INFO ] 24-12-27 16:32:37 [MyInterceptor:98] - running time: 138(ms)
[INFO ] 24-12-27 16:32:37 [MyInterceptor:39] - ----------------- new client connect -----------------
[INFO ] 24-12-27 16:32:37 [MyInterceptor:39] - ----------------- new client connect -----------------
[INFO ] 24-12-27 16:32:37 [MyInterceptor:56] - [Client] 0:0:0:0:0:0:0:1, Mac, Mac OS X, 10.15, Chrome, 131.0
[INFO ] 24-12-27 16:32:37 [MyInterceptor:74] - [GET] http://localhost/v3/api-docs/swagger-config
[INFO ] 24-12-27 16:32:37 [MyInterceptor:88] - - REFERER : time=-88, url=http://localhost/swagger-ui/index.html
[INFO ] 24-12-27 16:32:37 [MyInterceptor:98] - running time: 14(ms)
[INFO ] 24-12-27 16:32:37 [MyInterceptor:39] - ----------------- new client connect -----------------
[INFO ] 24-12-27 16:32:37 [MyInterceptor:56] - [Client] 0:0:0:0:0:0:0:1, Mac, Mac OS X, 10.15, Chrome, 131.0
[INFO ] 24-12-27 16:32:37 [MyInterceptor:74] - [GET] http://localhost/swagger-ui/favicon-32x32.png
[INFO ] 24-12-27 16:32:37 [MyInterceptor:88] - - REFERER : time=-9, url=http://localhost/swagger-ui/index.html
[INFO ] 24-12-27 16:32:37 [MyInterceptor:98] - running time: 11(ms)
[INFO ] 24-12-27 16:32:37 [MyInterceptor:56] - [Client] 0:0:0:0:0:0:0:1, Mac, Mac OS X, 10.15, Chrome, 131.0
[INFO ] 24-12-27 16:32:37 [MyInterceptor:74] - [GET] http://localhost/v3/api-docs
[INFO ] 24-12-27 16:32:37 [MyInterceptor:88] - - REFERER : time=11, url=http://localhost/swagger-ui/index.html
[INFO ] 24-12-27 16:32:38 [MyInterceptor:98] - running time: 143(ms)
[INFO ] 24-12-27 16:33:00 [sqlonly:228] - DELETE FROM SPRING_SESSION
WHERE EXPIRY_TIME < 1735284780007

