[INFO ] 24-10-18 11:54:37 [MailerApplication:50] - Starting MailerApplication using Java 17.0.2 with PID 7970 (/Users/song-gilju/Desktop/web3/09-SpringBoot/07-mailer/build/classes/java/main started by song-gilju in /Users/song-gilju/Desktop/web3/09-SpringBoot/07-mailer)
[DEBUG] 24-10-18 11:54:37 [MailerApplication:51] - Running with Spring Boot v3.3.4, Spring v6.1.13
[INFO ] 24-10-18 11:54:37 [MailerApplication:654] - No active profile set, falling back to 1 default profile: "default"
[INFO ] 24-10-18 11:54:38 [MailerApplication:56] - Started MailerApplication in 1.101 seconds (process running for 1.357)
[ERROR] 24-10-18 11:54:46 [TemplateEngine:1141] - [THYMELEAF][http-nio-8080-exec-1] Exception processing template "index": An error happened during template parsing (template: "class path resource [templates/index.html]")
org.thymeleaf.exceptions.TemplateInputException: An error happened during template parsing (template: "class path resource [templates/index.html]")
	at org.thymeleaf.templateparser.markup.AbstractMarkupTemplateParser.parse(AbstractMarkupTemplateParser.java:241)
	at org.thymeleaf.templateparser.markup.AbstractMarkupTemplateParser.parseStandalone(AbstractMarkupTemplateParser.java:100)
	at org.thymeleaf.engine.TemplateManager.parseAndProcess(TemplateManager.java:666)
	at org.thymeleaf.TemplateEngine.process(TemplateEngine.java:1103)
	at org.thymeleaf.TemplateEngine.process(TemplateEngine.java:1077)
	at org.thymeleaf.spring6.view.ThymeleafView.renderFragment(ThymeleafView.java:372)
	at org.thymeleaf.spring6.view.ThymeleafView.render(ThymeleafView.java:192)
	at org.springframework.web.servlet.DispatcherServlet.render(DispatcherServlet.java:1432)
	at org.springframework.web.servlet.DispatcherServlet.processDispatchResult(DispatcherServlet.java:1168)
	at org.springframework.web.servlet.DispatcherServlet.doDispatch(DispatcherServlet.java:1106)
	at org.springframework.web.servlet.DispatcherServlet.doService(DispatcherServlet.java:979)
	at org.springframework.web.servlet.FrameworkServlet.processRequest(FrameworkServlet.java:1014)
	at org.springframework.web.servlet.FrameworkServlet.doGet(FrameworkServlet.java:903)
	at jakarta.servlet.http.HttpServlet.service(HttpServlet.java:564)
	at org.springframework.web.servlet.FrameworkServlet.service(FrameworkServlet.java:885)
	at jakarta.servlet.http.HttpServlet.service(HttpServlet.java:658)
	at org.apache.catalina.core.ApplicationFilterChain.internalDoFilter(ApplicationFilterChain.java:195)
	at org.apache.catalina.core.ApplicationFilterChain.doFilter(ApplicationFilterChain.java:140)
	at org.apache.tomcat.websocket.server.WsFilter.doFilter(WsFilter.java:51)
	at org.apache.catalina.core.ApplicationFilterChain.internalDoFilter(ApplicationFilterChain.java:164)
	at org.apache.catalina.core.ApplicationFilterChain.doFilter(ApplicationFilterChain.java:140)
	at org.springframework.web.filter.RequestContextFilter.doFilterInternal(RequestContextFilter.java:100)
	at org.springframework.web.filter.OncePerRequestFilter.doFilter(OncePerRequestFilter.java:116)
	at org.apache.catalina.core.ApplicationFilterChain.internalDoFilter(ApplicationFilterChain.java:164)
	at org.apache.catalina.core.ApplicationFilterChain.doFilter(ApplicationFilterChain.java:140)
	at org.springframework.web.filter.FormContentFilter.doFilterInternal(FormContentFilter.java:93)
	at org.springframework.web.filter.OncePerRequestFilter.doFilter(OncePerRequestFilter.java:116)
	at org.apache.catalina.core.ApplicationFilterChain.internalDoFilter(ApplicationFilterChain.java:164)
	at org.apache.catalina.core.ApplicationFilterChain.doFilter(ApplicationFilterChain.java:140)
	at org.springframework.web.filter.ServerHttpObservationFilter.doFilterInternal(ServerHttpObservationFilter.java:113)
	at org.springframework.web.filter.OncePerRequestFilter.doFilter(OncePerRequestFilter.java:116)
	at org.apache.catalina.core.ApplicationFilterChain.internalDoFilter(ApplicationFilterChain.java:164)
	at org.apache.catalina.core.ApplicationFilterChain.doFilter(ApplicationFilterChain.java:140)
	at org.springframework.web.filter.CharacterEncodingFilter.doFilterInternal(CharacterEncodingFilter.java:201)
	at org.springframework.web.filter.OncePerRequestFilter.doFilter(OncePerRequestFilter.java:116)
	at org.apache.catalina.core.ApplicationFilterChain.internalDoFilter(ApplicationFilterChain.java:164)
	at org.apache.catalina.core.ApplicationFilterChain.doFilter(ApplicationFilterChain.java:140)
	at org.apache.catalina.core.StandardWrapperValve.invoke(StandardWrapperValve.java:167)
	at org.apache.catalina.core.StandardContextValve.invoke(StandardContextValve.java:90)
	at org.apache.catalina.authenticator.AuthenticatorBase.invoke(AuthenticatorBase.java:483)
	at org.apache.catalina.core.StandardHostValve.invoke(StandardHostValve.java:115)
	at org.apache.catalina.valves.ErrorReportValve.invoke(ErrorReportValve.java:93)
	at org.apache.catalina.core.StandardEngineValve.invoke(StandardEngineValve.java:74)
	at org.apache.catalina.connector.CoyoteAdapter.service(CoyoteAdapter.java:344)
	at org.apache.coyote.http11.Http11Processor.service(Http11Processor.java:384)
	at org.apache.coyote.AbstractProcessorLight.process(AbstractProcessorLight.java:63)
	at org.apache.coyote.AbstractProtocol$ConnectionHandler.process(AbstractProtocol.java:905)
	at org.apache.tomcat.util.net.NioEndpoint$SocketProcessor.doRun(NioEndpoint.java:1741)
	at org.apache.tomcat.util.net.SocketProcessorBase.run(SocketProcessorBase.java:52)
	at org.apache.tomcat.util.threads.ThreadPoolExecutor.runWorker(ThreadPoolExecutor.java:1190)
	at org.apache.tomcat.util.threads.ThreadPoolExecutor$Worker.run(ThreadPoolExecutor.java:659)
	at org.apache.tomcat.util.threads.TaskThread$WrappingRunnable.run(TaskThread.java:63)
	at java.base/java.lang.Thread.run(Thread.java:833)
Caused by: org.attoparser.ParseException: Error resolving template [fragments/header], template might not exist or might not be accessible by any of the configured Template Resolvers (template: "index" - line 9, col 8)
	at org.attoparser.MarkupParser.parseDocument(MarkupParser.java:393)
	at org.attoparser.MarkupParser.parse(MarkupParser.java:257)
	at org.thymeleaf.templateparser.markup.AbstractMarkupTemplateParser.parse(AbstractMarkupTemplateParser.java:230)
	... 52 common frames omitted
Caused by: org.thymeleaf.exceptions.TemplateInputException: Error resolving template [fragments/header], template might not exist or might not be accessible by any of the configured Template Resolvers (template: "index" - line 9, col 8)
	at org.thymeleaf.engine.TemplateManager.resolveTemplate(TemplateManager.java:869)
	at org.thymeleaf.engine.TemplateManager.parseStandalone(TemplateManager.java:250)
	at org.thymeleaf.standard.expression.FragmentExpression.resolveExecutedFragmentExpression(FragmentExpression.java:567)
	at org.thymeleaf.standard.processor.AbstractStandardFragmentInsertionTagProcessor.computeFragment(AbstractStandardFragmentInsertionTagProcessor.java:419)
	at org.thymeleaf.standard.processor.AbstractStandardFragmentInsertionTagProcessor.doProcess(AbstractStandardFragmentInsertionTagProcessor.java:115)
	at org.thymeleaf.processor.element.AbstractAttributeTagProcessor.doProcess(AbstractAttributeTagProcessor.java:74)
	at org.thymeleaf.processor.element.AbstractElementTagProcessor.process(AbstractElementTagProcessor.java:95)
	at org.thymeleaf.util.ProcessorConfigurationUtils$ElementTagProcessorWrapper.process(ProcessorConfigurationUtils.java:633)
	at org.thymeleaf.engine.ProcessorTemplateHandler.handleOpenElement(ProcessorTemplateHandler.java:1314)
	at org.thymeleaf.engine.TemplateHandlerAdapterMarkupHandler.handleOpenElementEnd(TemplateHandlerAdapterMarkupHandler.java:304)
	at org.thymeleaf.templateparser.markup.InlinedOutputExpressionMarkupHandler$InlineMarkupAdapterPreProcessorHandler.handleOpenElementEnd(InlinedOutputExpressionMarkupHandler.java:278)
	at org.thymeleaf.standard.inline.OutputExpressionInlinePreProcessorHandler.handleOpenElementEnd(OutputExpressionInlinePreProcessorHandler.java:186)
	at org.thymeleaf.templateparser.markup.InlinedOutputExpressionMarkupHandler.handleOpenElementEnd(InlinedOutputExpressionMarkupHandler.java:124)
	at org.attoparser.HtmlElement.handleOpenElementEnd(HtmlElement.java:109)
	at org.attoparser.HtmlMarkupHandler.handleOpenElementEnd(HtmlMarkupHandler.java:297)
	at org.attoparser.MarkupEventProcessorHandler.handleOpenElementEnd(MarkupEventProcessorHandler.java:402)
	at org.attoparser.ParsingElementMarkupUtil.parseOpenElement(ParsingElementMarkupUtil.java:159)
	at org.attoparser.MarkupParser.parseBuffer(MarkupParser.java:710)
	at org.attoparser.MarkupParser.parseDocument(MarkupParser.java:301)
	... 54 common frames omitted
[ERROR] 24-10-18 11:54:46 [[dispatcherServlet]:175] - Servlet.service() for servlet [dispatcherServlet] in context with path [] threw exception [Request processing failed: org.thymeleaf.exceptions.TemplateInputException: An error happened during template parsing (template: "class path resource [templates/index.html]")] with root cause
org.thymeleaf.exceptions.TemplateInputException: Error resolving template [fragments/header], template might not exist or might not be accessible by any of the configured Template Resolvers (template: "index" - line 9, col 8)
	at org.thymeleaf.engine.TemplateManager.resolveTemplate(TemplateManager.java:869)
	at org.thymeleaf.engine.TemplateManager.parseStandalone(TemplateManager.java:250)
	at org.thymeleaf.standard.expression.FragmentExpression.resolveExecutedFragmentExpression(FragmentExpression.java:567)
	at org.thymeleaf.standard.processor.AbstractStandardFragmentInsertionTagProcessor.computeFragment(AbstractStandardFragmentInsertionTagProcessor.java:419)
	at org.thymeleaf.standard.processor.AbstractStandardFragmentInsertionTagProcessor.doProcess(AbstractStandardFragmentInsertionTagProcessor.java:115)
	at org.thymeleaf.processor.element.AbstractAttributeTagProcessor.doProcess(AbstractAttributeTagProcessor.java:74)
	at org.thymeleaf.processor.element.AbstractElementTagProcessor.process(AbstractElementTagProcessor.java:95)
	at org.thymeleaf.util.ProcessorConfigurationUtils$ElementTagProcessorWrapper.process(ProcessorConfigurationUtils.java:633)
	at org.thymeleaf.engine.ProcessorTemplateHandler.handleOpenElement(ProcessorTemplateHandler.java:1314)
	at org.thymeleaf.engine.TemplateHandlerAdapterMarkupHandler.handleOpenElementEnd(TemplateHandlerAdapterMarkupHandler.java:304)
	at org.thymeleaf.templateparser.markup.InlinedOutputExpressionMarkupHandler$InlineMarkupAdapterPreProcessorHandler.handleOpenElementEnd(InlinedOutputExpressionMarkupHandler.java:278)
	at org.thymeleaf.standard.inline.OutputExpressionInlinePreProcessorHandler.handleOpenElementEnd(OutputExpressionInlinePreProcessorHandler.java:186)
	at org.thymeleaf.templateparser.markup.InlinedOutputExpressionMarkupHandler.handleOpenElementEnd(InlinedOutputExpressionMarkupHandler.java:124)
	at org.attoparser.HtmlElement.handleOpenElementEnd(HtmlElement.java:109)
	at org.attoparser.HtmlMarkupHandler.handleOpenElementEnd(HtmlMarkupHandler.java:297)
	at org.attoparser.MarkupEventProcessorHandler.handleOpenElementEnd(MarkupEventProcessorHandler.java:402)
	at org.attoparser.ParsingElementMarkupUtil.parseOpenElement(ParsingElementMarkupUtil.java:159)
	at org.attoparser.MarkupParser.parseBuffer(MarkupParser.java:710)
	at org.attoparser.MarkupParser.parseDocument(MarkupParser.java:301)
	at org.attoparser.MarkupParser.parse(MarkupParser.java:257)
	at org.thymeleaf.templateparser.markup.AbstractMarkupTemplateParser.parse(AbstractMarkupTemplateParser.java:230)
	at org.thymeleaf.templateparser.markup.AbstractMarkupTemplateParser.parseStandalone(AbstractMarkupTemplateParser.java:100)
	at org.thymeleaf.engine.TemplateManager.parseAndProcess(TemplateManager.java:666)
	at org.thymeleaf.TemplateEngine.process(TemplateEngine.java:1103)
	at org.thymeleaf.TemplateEngine.process(TemplateEngine.java:1077)
	at org.thymeleaf.spring6.view.ThymeleafView.renderFragment(ThymeleafView.java:372)
	at org.thymeleaf.spring6.view.ThymeleafView.render(ThymeleafView.java:192)
	at org.springframework.web.servlet.DispatcherServlet.render(DispatcherServlet.java:1432)
	at org.springframework.web.servlet.DispatcherServlet.processDispatchResult(DispatcherServlet.java:1168)
	at org.springframework.web.servlet.DispatcherServlet.doDispatch(DispatcherServlet.java:1106)
	at org.springframework.web.servlet.DispatcherServlet.doService(DispatcherServlet.java:979)
	at org.springframework.web.servlet.FrameworkServlet.processRequest(FrameworkServlet.java:1014)
	at org.springframework.web.servlet.FrameworkServlet.doGet(FrameworkServlet.java:903)
	at jakarta.servlet.http.HttpServlet.service(HttpServlet.java:564)
	at org.springframework.web.servlet.FrameworkServlet.service(FrameworkServlet.java:885)
	at jakarta.servlet.http.HttpServlet.service(HttpServlet.java:658)
	at org.apache.catalina.core.ApplicationFilterChain.internalDoFilter(ApplicationFilterChain.java:195)
	at org.apache.catalina.core.ApplicationFilterChain.doFilter(ApplicationFilterChain.java:140)
	at org.apache.tomcat.websocket.server.WsFilter.doFilter(WsFilter.java:51)
	at org.apache.catalina.core.ApplicationFilterChain.internalDoFilter(ApplicationFilterChain.java:164)
	at org.apache.catalina.core.ApplicationFilterChain.doFilter(ApplicationFilterChain.java:140)
	at org.springframework.web.filter.RequestContextFilter.doFilterInternal(RequestContextFilter.java:100)
	at org.springframework.web.filter.OncePerRequestFilter.doFilter(OncePerRequestFilter.java:116)
	at org.apache.catalina.core.ApplicationFilterChain.internalDoFilter(ApplicationFilterChain.java:164)
	at org.apache.catalina.core.ApplicationFilterChain.doFilter(ApplicationFilterChain.java:140)
	at org.springframework.web.filter.FormContentFilter.doFilterInternal(FormContentFilter.java:93)
	at org.springframework.web.filter.OncePerRequestFilter.doFilter(OncePerRequestFilter.java:116)
	at org.apache.catalina.core.ApplicationFilterChain.internalDoFilter(ApplicationFilterChain.java:164)
	at org.apache.catalina.core.ApplicationFilterChain.doFilter(ApplicationFilterChain.java:140)
	at org.springframework.web.filter.ServerHttpObservationFilter.doFilterInternal(ServerHttpObservationFilter.java:113)
	at org.springframework.web.filter.OncePerRequestFilter.doFilter(OncePerRequestFilter.java:116)
	at org.apache.catalina.core.ApplicationFilterChain.internalDoFilter(ApplicationFilterChain.java:164)
	at org.apache.catalina.core.ApplicationFilterChain.doFilter(ApplicationFilterChain.java:140)
	at org.springframework.web.filter.CharacterEncodingFilter.doFilterInternal(CharacterEncodingFilter.java:201)
	at org.springframework.web.filter.OncePerRequestFilter.doFilter(OncePerRequestFilter.java:116)
	at org.apache.catalina.core.ApplicationFilterChain.internalDoFilter(ApplicationFilterChain.java:164)
	at org.apache.catalina.core.ApplicationFilterChain.doFilter(ApplicationFilterChain.java:140)
	at org.apache.catalina.core.StandardWrapperValve.invoke(StandardWrapperValve.java:167)
	at org.apache.catalina.core.StandardContextValve.invoke(StandardContextValve.java:90)
	at org.apache.catalina.authenticator.AuthenticatorBase.invoke(AuthenticatorBase.java:483)
	at org.apache.catalina.core.StandardHostValve.invoke(StandardHostValve.java:115)
	at org.apache.catalina.valves.ErrorReportValve.invoke(ErrorReportValve.java:93)
	at org.apache.catalina.core.StandardEngineValve.invoke(StandardEngineValve.java:74)
	at org.apache.catalina.connector.CoyoteAdapter.service(CoyoteAdapter.java:344)
	at org.apache.coyote.http11.Http11Processor.service(Http11Processor.java:384)
	at org.apache.coyote.AbstractProcessorLight.process(AbstractProcessorLight.java:63)
	at org.apache.coyote.AbstractProtocol$ConnectionHandler.process(AbstractProtocol.java:905)
	at org.apache.tomcat.util.net.NioEndpoint$SocketProcessor.doRun(NioEndpoint.java:1741)
	at org.apache.tomcat.util.net.SocketProcessorBase.run(SocketProcessorBase.java:52)
	at org.apache.tomcat.util.threads.ThreadPoolExecutor.runWorker(ThreadPoolExecutor.java:1190)
	at org.apache.tomcat.util.threads.ThreadPoolExecutor$Worker.run(ThreadPoolExecutor.java:659)
	at org.apache.tomcat.util.threads.TaskThread$WrappingRunnable.run(TaskThread.java:63)
	at java.base/java.lang.Thread.run(Thread.java:833)
[INFO ] 24-10-18 11:59:15 [MailerApplication:50] - Starting MailerApplication using Java 17.0.2 with PID 8173 (/Users/song-gilju/Desktop/web3/09-SpringBoot/07-mailer/build/classes/java/main started by song-gilju in /Users/song-gilju/Desktop/web3/09-SpringBoot/07-mailer)
[DEBUG] 24-10-18 11:59:15 [MailerApplication:51] - Running with Spring Boot v3.3.4, Spring v6.1.13
[INFO ] 24-10-18 11:59:15 [MailerApplication:654] - No active profile set, falling back to 1 default profile: "default"
[INFO ] 24-10-18 11:59:16 [MailerApplication:56] - Started MailerApplication in 1.056 seconds (process running for 1.34)
[ERROR] 24-10-18 11:59:20 [TemplateEngine:1141] - [THYMELEAF][http-nio-8080-exec-1] Exception processing template "index": An error happened during template parsing (template: "class path resource [templates/index.html]")
org.thymeleaf.exceptions.TemplateInputException: An error happened during template parsing (template: "class path resource [templates/index.html]")
	at org.thymeleaf.templateparser.markup.AbstractMarkupTemplateParser.parse(AbstractMarkupTemplateParser.java:241)
	at org.thymeleaf.templateparser.markup.AbstractMarkupTemplateParser.parseStandalone(AbstractMarkupTemplateParser.java:100)
	at org.thymeleaf.engine.TemplateManager.parseAndProcess(TemplateManager.java:666)
	at org.thymeleaf.TemplateEngine.process(TemplateEngine.java:1103)
	at org.thymeleaf.TemplateEngine.process(TemplateEngine.java:1077)
	at org.thymeleaf.spring6.view.ThymeleafView.renderFragment(ThymeleafView.java:372)
	at org.thymeleaf.spring6.view.ThymeleafView.render(ThymeleafView.java:192)
	at org.springframework.web.servlet.DispatcherServlet.render(DispatcherServlet.java:1432)
	at org.springframework.web.servlet.DispatcherServlet.processDispatchResult(DispatcherServlet.java:1168)
	at org.springframework.web.servlet.DispatcherServlet.doDispatch(DispatcherServlet.java:1106)
	at org.springframework.web.servlet.DispatcherServlet.doService(DispatcherServlet.java:979)
	at org.springframework.web.servlet.FrameworkServlet.processRequest(FrameworkServlet.java:1014)
	at org.springframework.web.servlet.FrameworkServlet.doGet(FrameworkServlet.java:903)
	at jakarta.servlet.http.HttpServlet.service(HttpServlet.java:564)
	at org.springframework.web.servlet.FrameworkServlet.service(FrameworkServlet.java:885)
	at jakarta.servlet.http.HttpServlet.service(HttpServlet.java:658)
	at org.apache.catalina.core.ApplicationFilterChain.internalDoFilter(ApplicationFilterChain.java:195)
	at org.apache.catalina.core.ApplicationFilterChain.doFilter(ApplicationFilterChain.java:140)
	at org.apache.tomcat.websocket.server.WsFilter.doFilter(WsFilter.java:51)
	at org.apache.catalina.core.ApplicationFilterChain.internalDoFilter(ApplicationFilterChain.java:164)
	at org.apache.catalina.core.ApplicationFilterChain.doFilter(ApplicationFilterChain.java:140)
	at org.springframework.web.filter.RequestContextFilter.doFilterInternal(RequestContextFilter.java:100)
	at org.springframework.web.filter.OncePerRequestFilter.doFilter(OncePerRequestFilter.java:116)
	at org.apache.catalina.core.ApplicationFilterChain.internalDoFilter(ApplicationFilterChain.java:164)
	at org.apache.catalina.core.ApplicationFilterChain.doFilter(ApplicationFilterChain.java:140)
	at org.springframework.web.filter.FormContentFilter.doFilterInternal(FormContentFilter.java:93)
	at org.springframework.web.filter.OncePerRequestFilter.doFilter(OncePerRequestFilter.java:116)
	at org.apache.catalina.core.ApplicationFilterChain.internalDoFilter(ApplicationFilterChain.java:164)
	at org.apache.catalina.core.ApplicationFilterChain.doFilter(ApplicationFilterChain.java:140)
	at org.springframework.web.filter.ServerHttpObservationFilter.doFilterInternal(ServerHttpObservationFilter.java:113)
	at org.springframework.web.filter.OncePerRequestFilter.doFilter(OncePerRequestFilter.java:116)
	at org.apache.catalina.core.ApplicationFilterChain.internalDoFilter(ApplicationFilterChain.java:164)
	at org.apache.catalina.core.ApplicationFilterChain.doFilter(ApplicationFilterChain.java:140)
	at org.springframework.web.filter.CharacterEncodingFilter.doFilterInternal(CharacterEncodingFilter.java:201)
	at org.springframework.web.filter.OncePerRequestFilter.doFilter(OncePerRequestFilter.java:116)
	at org.apache.catalina.core.ApplicationFilterChain.internalDoFilter(ApplicationFilterChain.java:164)
	at org.apache.catalina.core.ApplicationFilterChain.doFilter(ApplicationFilterChain.java:140)
	at org.apache.catalina.core.StandardWrapperValve.invoke(StandardWrapperValve.java:167)
	at org.apache.catalina.core.StandardContextValve.invoke(StandardContextValve.java:90)
	at org.apache.catalina.authenticator.AuthenticatorBase.invoke(AuthenticatorBase.java:483)
	at org.apache.catalina.core.StandardHostValve.invoke(StandardHostValve.java:115)
	at org.apache.catalina.valves.ErrorReportValve.invoke(ErrorReportValve.java:93)
	at org.apache.catalina.core.StandardEngineValve.invoke(StandardEngineValve.java:74)
	at org.apache.catalina.connector.CoyoteAdapter.service(CoyoteAdapter.java:344)
	at org.apache.coyote.http11.Http11Processor.service(Http11Processor.java:384)
	at org.apache.coyote.AbstractProcessorLight.process(AbstractProcessorLight.java:63)
	at org.apache.coyote.AbstractProtocol$ConnectionHandler.process(AbstractProtocol.java:905)
	at org.apache.tomcat.util.net.NioEndpoint$SocketProcessor.doRun(NioEndpoint.java:1741)
	at org.apache.tomcat.util.net.SocketProcessorBase.run(SocketProcessorBase.java:52)
	at org.apache.tomcat.util.threads.ThreadPoolExecutor.runWorker(ThreadPoolExecutor.java:1190)
	at org.apache.tomcat.util.threads.ThreadPoolExecutor$Worker.run(ThreadPoolExecutor.java:659)
	at org.apache.tomcat.util.threads.TaskThread$WrappingRunnable.run(TaskThread.java:63)
	at java.base/java.lang.Thread.run(Thread.java:833)
Caused by: org.attoparser.ParseException: Error resolving template [fragments/header], template might not exist or might not be accessible by any of the configured Template Resolvers (template: "index" - line 9, col 8)
	at org.attoparser.MarkupParser.parseDocument(MarkupParser.java:393)
	at org.attoparser.MarkupParser.parse(MarkupParser.java:257)
	at org.thymeleaf.templateparser.markup.AbstractMarkupTemplateParser.parse(AbstractMarkupTemplateParser.java:230)
	... 52 common frames omitted
Caused by: org.thymeleaf.exceptions.TemplateInputException: Error resolving template [fragments/header], template might not exist or might not be accessible by any of the configured Template Resolvers (template: "index" - line 9, col 8)
	at org.thymeleaf.engine.TemplateManager.resolveTemplate(TemplateManager.java:869)
	at org.thymeleaf.engine.TemplateManager.parseStandalone(TemplateManager.java:250)
	at org.thymeleaf.standard.expression.FragmentExpression.resolveExecutedFragmentExpression(FragmentExpression.java:567)
	at org.thymeleaf.standard.processor.AbstractStandardFragmentInsertionTagProcessor.computeFragment(AbstractStandardFragmentInsertionTagProcessor.java:419)
	at org.thymeleaf.standard.processor.AbstractStandardFragmentInsertionTagProcessor.doProcess(AbstractStandardFragmentInsertionTagProcessor.java:115)
	at org.thymeleaf.processor.element.AbstractAttributeTagProcessor.doProcess(AbstractAttributeTagProcessor.java:74)
	at org.thymeleaf.processor.element.AbstractElementTagProcessor.process(AbstractElementTagProcessor.java:95)
	at org.thymeleaf.util.ProcessorConfigurationUtils$ElementTagProcessorWrapper.process(ProcessorConfigurationUtils.java:633)
	at org.thymeleaf.engine.ProcessorTemplateHandler.handleOpenElement(ProcessorTemplateHandler.java:1314)
	at org.thymeleaf.engine.TemplateHandlerAdapterMarkupHandler.handleOpenElementEnd(TemplateHandlerAdapterMarkupHandler.java:304)
	at org.thymeleaf.templateparser.markup.InlinedOutputExpressionMarkupHandler$InlineMarkupAdapterPreProcessorHandler.handleOpenElementEnd(InlinedOutputExpressionMarkupHandler.java:278)
	at org.thymeleaf.standard.inline.OutputExpressionInlinePreProcessorHandler.handleOpenElementEnd(OutputExpressionInlinePreProcessorHandler.java:186)
	at org.thymeleaf.templateparser.markup.InlinedOutputExpressionMarkupHandler.handleOpenElementEnd(InlinedOutputExpressionMarkupHandler.java:124)
	at org.attoparser.HtmlElement.handleOpenElementEnd(HtmlElement.java:109)
	at org.attoparser.HtmlMarkupHandler.handleOpenElementEnd(HtmlMarkupHandler.java:297)
	at org.attoparser.MarkupEventProcessorHandler.handleOpenElementEnd(MarkupEventProcessorHandler.java:402)
	at org.attoparser.ParsingElementMarkupUtil.parseOpenElement(ParsingElementMarkupUtil.java:159)
	at org.attoparser.MarkupParser.parseBuffer(MarkupParser.java:710)
	at org.attoparser.MarkupParser.parseDocument(MarkupParser.java:301)
	... 54 common frames omitted
[ERROR] 24-10-18 11:59:20 [[dispatcherServlet]:175] - Servlet.service() for servlet [dispatcherServlet] in context with path [] threw exception [Request processing failed: org.thymeleaf.exceptions.TemplateInputException: An error happened during template parsing (template: "class path resource [templates/index.html]")] with root cause
org.thymeleaf.exceptions.TemplateInputException: Error resolving template [fragments/header], template might not exist or might not be accessible by any of the configured Template Resolvers (template: "index" - line 9, col 8)
	at org.thymeleaf.engine.TemplateManager.resolveTemplate(TemplateManager.java:869)
	at org.thymeleaf.engine.TemplateManager.parseStandalone(TemplateManager.java:250)
	at org.thymeleaf.standard.expression.FragmentExpression.resolveExecutedFragmentExpression(FragmentExpression.java:567)
	at org.thymeleaf.standard.processor.AbstractStandardFragmentInsertionTagProcessor.computeFragment(AbstractStandardFragmentInsertionTagProcessor.java:419)
	at org.thymeleaf.standard.processor.AbstractStandardFragmentInsertionTagProcessor.doProcess(AbstractStandardFragmentInsertionTagProcessor.java:115)
	at org.thymeleaf.processor.element.AbstractAttributeTagProcessor.doProcess(AbstractAttributeTagProcessor.java:74)
	at org.thymeleaf.processor.element.AbstractElementTagProcessor.process(AbstractElementTagProcessor.java:95)
	at org.thymeleaf.util.ProcessorConfigurationUtils$ElementTagProcessorWrapper.process(ProcessorConfigurationUtils.java:633)
	at org.thymeleaf.engine.ProcessorTemplateHandler.handleOpenElement(ProcessorTemplateHandler.java:1314)
	at org.thymeleaf.engine.TemplateHandlerAdapterMarkupHandler.handleOpenElementEnd(TemplateHandlerAdapterMarkupHandler.java:304)
	at org.thymeleaf.templateparser.markup.InlinedOutputExpressionMarkupHandler$InlineMarkupAdapterPreProcessorHandler.handleOpenElementEnd(InlinedOutputExpressionMarkupHandler.java:278)
	at org.thymeleaf.standard.inline.OutputExpressionInlinePreProcessorHandler.handleOpenElementEnd(OutputExpressionInlinePreProcessorHandler.java:186)
	at org.thymeleaf.templateparser.markup.InlinedOutputExpressionMarkupHandler.handleOpenElementEnd(InlinedOutputExpressionMarkupHandler.java:124)
	at org.attoparser.HtmlElement.handleOpenElementEnd(HtmlElement.java:109)
	at org.attoparser.HtmlMarkupHandler.handleOpenElementEnd(HtmlMarkupHandler.java:297)
	at org.attoparser.MarkupEventProcessorHandler.handleOpenElementEnd(MarkupEventProcessorHandler.java:402)
	at org.attoparser.ParsingElementMarkupUtil.parseOpenElement(ParsingElementMarkupUtil.java:159)
	at org.attoparser.MarkupParser.parseBuffer(MarkupParser.java:710)
	at org.attoparser.MarkupParser.parseDocument(MarkupParser.java:301)
	at org.attoparser.MarkupParser.parse(MarkupParser.java:257)
	at org.thymeleaf.templateparser.markup.AbstractMarkupTemplateParser.parse(AbstractMarkupTemplateParser.java:230)
	at org.thymeleaf.templateparser.markup.AbstractMarkupTemplateParser.parseStandalone(AbstractMarkupTemplateParser.java:100)
	at org.thymeleaf.engine.TemplateManager.parseAndProcess(TemplateManager.java:666)
	at org.thymeleaf.TemplateEngine.process(TemplateEngine.java:1103)
	at org.thymeleaf.TemplateEngine.process(TemplateEngine.java:1077)
	at org.thymeleaf.spring6.view.ThymeleafView.renderFragment(ThymeleafView.java:372)
	at org.thymeleaf.spring6.view.ThymeleafView.render(ThymeleafView.java:192)
	at org.springframework.web.servlet.DispatcherServlet.render(DispatcherServlet.java:1432)
	at org.springframework.web.servlet.DispatcherServlet.processDispatchResult(DispatcherServlet.java:1168)
	at org.springframework.web.servlet.DispatcherServlet.doDispatch(DispatcherServlet.java:1106)
	at org.springframework.web.servlet.DispatcherServlet.doService(DispatcherServlet.java:979)
	at org.springframework.web.servlet.FrameworkServlet.processRequest(FrameworkServlet.java:1014)
	at org.springframework.web.servlet.FrameworkServlet.doGet(FrameworkServlet.java:903)
	at jakarta.servlet.http.HttpServlet.service(HttpServlet.java:564)
	at org.springframework.web.servlet.FrameworkServlet.service(FrameworkServlet.java:885)
	at jakarta.servlet.http.HttpServlet.service(HttpServlet.java:658)
	at org.apache.catalina.core.ApplicationFilterChain.internalDoFilter(ApplicationFilterChain.java:195)
	at org.apache.catalina.core.ApplicationFilterChain.doFilter(ApplicationFilterChain.java:140)
	at org.apache.tomcat.websocket.server.WsFilter.doFilter(WsFilter.java:51)
	at org.apache.catalina.core.ApplicationFilterChain.internalDoFilter(ApplicationFilterChain.java:164)
	at org.apache.catalina.core.ApplicationFilterChain.doFilter(ApplicationFilterChain.java:140)
	at org.springframework.web.filter.RequestContextFilter.doFilterInternal(RequestContextFilter.java:100)
	at org.springframework.web.filter.OncePerRequestFilter.doFilter(OncePerRequestFilter.java:116)
	at org.apache.catalina.core.ApplicationFilterChain.internalDoFilter(ApplicationFilterChain.java:164)
	at org.apache.catalina.core.ApplicationFilterChain.doFilter(ApplicationFilterChain.java:140)
	at org.springframework.web.filter.FormContentFilter.doFilterInternal(FormContentFilter.java:93)
	at org.springframework.web.filter.OncePerRequestFilter.doFilter(OncePerRequestFilter.java:116)
	at org.apache.catalina.core.ApplicationFilterChain.internalDoFilter(ApplicationFilterChain.java:164)
	at org.apache.catalina.core.ApplicationFilterChain.doFilter(ApplicationFilterChain.java:140)
	at org.springframework.web.filter.ServerHttpObservationFilter.doFilterInternal(ServerHttpObservationFilter.java:113)
	at org.springframework.web.filter.OncePerRequestFilter.doFilter(OncePerRequestFilter.java:116)
	at org.apache.catalina.core.ApplicationFilterChain.internalDoFilter(ApplicationFilterChain.java:164)
	at org.apache.catalina.core.ApplicationFilterChain.doFilter(ApplicationFilterChain.java:140)
	at org.springframework.web.filter.CharacterEncodingFilter.doFilterInternal(CharacterEncodingFilter.java:201)
	at org.springframework.web.filter.OncePerRequestFilter.doFilter(OncePerRequestFilter.java:116)
	at org.apache.catalina.core.ApplicationFilterChain.internalDoFilter(ApplicationFilterChain.java:164)
	at org.apache.catalina.core.ApplicationFilterChain.doFilter(ApplicationFilterChain.java:140)
	at org.apache.catalina.core.StandardWrapperValve.invoke(StandardWrapperValve.java:167)
	at org.apache.catalina.core.StandardContextValve.invoke(StandardContextValve.java:90)
	at org.apache.catalina.authenticator.AuthenticatorBase.invoke(AuthenticatorBase.java:483)
	at org.apache.catalina.core.StandardHostValve.invoke(StandardHostValve.java:115)
	at org.apache.catalina.valves.ErrorReportValve.invoke(ErrorReportValve.java:93)
	at org.apache.catalina.core.StandardEngineValve.invoke(StandardEngineValve.java:74)
	at org.apache.catalina.connector.CoyoteAdapter.service(CoyoteAdapter.java:344)
	at org.apache.coyote.http11.Http11Processor.service(Http11Processor.java:384)
	at org.apache.coyote.AbstractProcessorLight.process(AbstractProcessorLight.java:63)
	at org.apache.coyote.AbstractProtocol$ConnectionHandler.process(AbstractProtocol.java:905)
	at org.apache.tomcat.util.net.NioEndpoint$SocketProcessor.doRun(NioEndpoint.java:1741)
	at org.apache.tomcat.util.net.SocketProcessorBase.run(SocketProcessorBase.java:52)
	at org.apache.tomcat.util.threads.ThreadPoolExecutor.runWorker(ThreadPoolExecutor.java:1190)
	at org.apache.tomcat.util.threads.ThreadPoolExecutor$Worker.run(ThreadPoolExecutor.java:659)
	at org.apache.tomcat.util.threads.TaskThread$WrappingRunnable.run(TaskThread.java:63)
	at java.base/java.lang.Thread.run(Thread.java:833)
[INFO ] 24-10-18 12:02:36 [MailerApplication:50] - Starting MailerApplication using Java 17.0.2 with PID 8856 (/Users/song-gilju/Desktop/web3/09-SpringBoot/07-mailer/build/classes/java/main started by song-gilju in /Users/song-gilju/Desktop/web3/09-SpringBoot/07-mailer)
[DEBUG] 24-10-18 12:02:36 [MailerApplication:51] - Running with Spring Boot v3.3.4, Spring v6.1.13
[INFO ] 24-10-18 12:02:36 [MailerApplication:654] - No active profile set, falling back to 1 default profile: "default"
[INFO ] 24-10-18 12:02:37 [MailerApplication:56] - Started MailerApplication in 0.826 seconds (process running for 1.086)
[INFO ] 24-10-18 12:06:38 [MailerApplication:50] - Starting MailerApplication using Java 17.0.2 with PID 9159 (/Users/song-gilju/Desktop/web3/09-SpringBoot/07-mailer/build/classes/java/main started by song-gilju in /Users/song-gilju/Desktop/web3/09-SpringBoot/07-mailer)
[DEBUG] 24-10-18 12:06:38 [MailerApplication:51] - Running with Spring Boot v3.3.4, Spring v6.1.13
[INFO ] 24-10-18 12:06:38 [MailerApplication:654] - No active profile set, falling back to 1 default profile: "default"
[INFO ] 24-10-18 12:06:38 [MailerApplication:56] - Started MailerApplication in 0.992 seconds (process running for 1.287)
[INFO ] 24-10-18 12:06:43 [MyInterceptor:38] - ----------------- new client connect -----------------
[INFO ] 24-10-18 12:06:43 [MyInterceptor:55] - [Client] 0:0:0:0:0:0:0:1, Mac, Mac OS X, 10.15, Chrome, 129.0
[INFO ] 24-10-18 12:06:43 [MyInterceptor:73] - [GET] http://localhost:8080/
[INFO ] 24-10-18 12:06:43 [MyInterceptor:97] - running time: 92(ms)
[INFO ] 24-10-18 12:08:38 [MailerApplication:50] - Starting MailerApplication using Java 17.0.2 with PID 9381 (/Users/song-gilju/Desktop/web3/09-SpringBoot/07-mailer/build/classes/java/main started by song-gilju in /Users/song-gilju/Desktop/web3/09-SpringBoot/07-mailer)
[DEBUG] 24-10-18 12:08:38 [MailerApplication:51] - Running with Spring Boot v3.3.4, Spring v6.1.13
[INFO ] 24-10-18 12:08:38 [MailerApplication:654] - No active profile set, falling back to 1 default profile: "default"
[INFO ] 24-10-18 12:08:39 [MailerApplication:56] - Started MailerApplication in 1.004 seconds (process running for 1.293)
[INFO ] 24-10-18 12:08:44 [MyInterceptor:38] - ----------------- new client connect -----------------
[INFO ] 24-10-18 12:08:44 [MyInterceptor:55] - [Client] 0:0:0:0:0:0:0:1, Mac, Mac OS X, 10.15, Chrome, 129.0
[INFO ] 24-10-18 12:08:44 [MyInterceptor:73] - [GET] http://localhost:8080/
[INFO ] 24-10-18 12:08:44 [MyInterceptor:97] - running time: 91(ms)
[WARN ] 24-10-18 12:08:45 [DefaultHandlerExceptionResolver:247] - Resolved [org.springframework.web.HttpRequestMethodNotSupportedException: Request method 'POST' is not supported]
[INFO ] 24-10-18 12:10:33 [MailerApplication:50] - Starting MailerApplication using Java 17.0.2 with PID 9835 (/Users/song-gilju/Desktop/web3/09-SpringBoot/07-mailer/build/classes/java/main started by song-gilju in /Users/song-gilju/Desktop/web3/09-SpringBoot/07-mailer)
[DEBUG] 24-10-18 12:10:33 [MailerApplication:51] - Running with Spring Boot v3.3.4, Spring v6.1.13
[INFO ] 24-10-18 12:10:33 [MailerApplication:654] - No active profile set, falling back to 1 default profile: "default"
[INFO ] 24-10-18 12:10:34 [MailerApplication:56] - Started MailerApplication in 0.892 seconds (process running for 1.074)
[INFO ] 24-10-18 12:10:38 [MyInterceptor:38] - ----------------- new client connect -----------------
[INFO ] 24-10-18 12:10:38 [MyInterceptor:55] - [Client] 0:0:0:0:0:0:0:1, Mac, Mac OS X, 10.15, Chrome, 129.0
[INFO ] 24-10-18 12:10:38 [MyInterceptor:73] - [GET] http://localhost:8080/
[INFO ] 24-10-18 12:10:38 [MyInterceptor:97] - running time: 85(ms)
[INFO ] 24-10-18 13:02:00 [MailerApplication:50] - Starting MailerApplication using Java 17.0.2 with PID 12147 (/Users/song-gilju/Desktop/web3/09-SpringBoot/07-mailer/build/classes/java/main started by song-gilju in /Users/song-gilju/Desktop/web3/09-SpringBoot/07-mailer)
[DEBUG] 24-10-18 13:02:00 [MailerApplication:51] - Running with Spring Boot v3.3.4, Spring v6.1.13
[INFO ] 24-10-18 13:02:00 [MailerApplication:654] - No active profile set, falling back to 1 default profile: "default"
[INFO ] 24-10-18 13:02:01 [MailerApplication:56] - Started MailerApplication in 0.952 seconds (process running for 1.194)
[INFO ] 24-10-18 13:02:08 [MyInterceptor:38] - ----------------- new client connect -----------------
[INFO ] 24-10-18 13:02:09 [MyInterceptor:55] - [Client] 0:0:0:0:0:0:0:1, Mac, Mac OS X, 10.15, Chrome, 129.0
[INFO ] 24-10-18 13:02:09 [MyInterceptor:73] - [GET] http://localhost:8080/
[INFO ] 24-10-18 13:02:09 [MyInterceptor:97] - running time: 90(ms)
[INFO ] 24-10-18 13:11:36 [MailerApplication:50] - Starting MailerApplication using Java 17.0.2 with PID 13641 (/Users/song-gilju/Desktop/web3/09-SpringBoot/07-mailer/build/classes/java/main started by song-gilju in /Users/song-gilju/Desktop/web3/09-SpringBoot/07-mailer)
[DEBUG] 24-10-18 13:11:36 [MailerApplication:51] - Running with Spring Boot v3.3.4, Spring v6.1.13
[INFO ] 24-10-18 13:11:36 [MailerApplication:654] - No active profile set, falling back to 1 default profile: "default"
[INFO ] 24-10-18 13:11:37 [MailerApplication:56] - Started MailerApplication in 0.841 seconds (process running for 1.075)
[INFO ] 24-10-18 13:11:47 [MyInterceptor:38] - ----------------- new client connect -----------------
[INFO ] 24-10-18 13:11:47 [MyInterceptor:55] - [Client] 0:0:0:0:0:0:0:1, Mac, Mac OS X, 10.15, Chrome, 129.0
[INFO ] 24-10-18 13:11:47 [MyInterceptor:73] - [GET] http://localhost:8080/
[INFO ] 24-10-18 13:11:47 [MyInterceptor:97] - running time: 79(ms)
[WARN ] 24-10-18 13:12:37 [DefaultHandlerExceptionResolver:247] - Resolved [org.springframework.web.HttpRequestMethodNotSupportedException: Request method 'POST' is not supported]
[INFO ] 24-10-18 13:13:50 [MailerApplication:50] - Starting MailerApplication using Java 17.0.2 with PID 13984 (/Users/song-gilju/Desktop/web3/09-SpringBoot/07-mailer/build/classes/java/main started by song-gilju in /Users/song-gilju/Desktop/web3/09-SpringBoot/07-mailer)
[DEBUG] 24-10-18 13:13:50 [MailerApplication:51] - Running with Spring Boot v3.3.4, Spring v6.1.13
[INFO ] 24-10-18 13:13:50 [MailerApplication:654] - No active profile set, falling back to 1 default profile: "default"
[INFO ] 24-10-18 13:13:51 [MailerApplication:56] - Started MailerApplication in 0.885 seconds (process running for 1.152)
[INFO ] 24-10-18 13:58:38 [MailerApplication:50] - Starting MailerApplication using Java 17.0.2 with PID 14100 (/Users/song-gilju/Desktop/web3/09-SpringBoot/07-mailer/build/classes/java/main started by song-gilju in /Users/song-gilju/Desktop/web3/09-SpringBoot/07-mailer)
[DEBUG] 24-10-18 13:58:38 [MailerApplication:51] - Running with Spring Boot v3.3.4, Spring v6.1.13
[INFO ] 24-10-18 13:58:38 [MailerApplication:654] - No active profile set, falling back to 1 default profile: "default"
[INFO ] 24-10-18 13:58:39 [MailerApplication:56] - Started MailerApplication in 0.998 seconds (process running for 1.28)
[INFO ] 24-10-18 13:58:43 [MyInterceptor:38] - ----------------- new client connect -----------------
[INFO ] 24-10-18 13:58:43 [MyInterceptor:55] - [Client] 0:0:0:0:0:0:0:1, Mac, Mac OS X, 10.15, Chrome, 129.0
[INFO ] 24-10-18 13:58:43 [MyInterceptor:73] - [GET] http://localhost:8080/
[INFO ] 24-10-18 13:58:43 [MyInterceptor:97] - running time: 78(ms)
[INFO ] 24-10-18 13:58:52 [MyInterceptor:38] - ----------------- new client connect -----------------
[INFO ] 24-10-18 13:58:52 [MyInterceptor:55] - [Client] 0:0:0:0:0:0:0:1, Mac, Mac OS X, 10.15, Chrome, 129.0
[INFO ] 24-10-18 13:58:52 [MyInterceptor:73] - [POST] http://localhost:8080/sendmail
[INFO ] 24-10-18 13:58:52 [MyInterceptor:80] - (parma)<---sender-name = 길주
[INFO ] 24-10-18 13:58:52 [MyInterceptor:80] - (parma)<---sender-email = rlfwn528@gmail.com
[INFO ] 24-10-18 13:58:52 [MyInterceptor:80] - (parma)<---receiver-name = 길주
[INFO ] 24-10-18 13:58:52 [MyInterceptor:80] - (parma)<---receiver-email = rlfwn528@naver.com
[INFO ] 24-10-18 13:58:52 [MyInterceptor:80] - (parma)<---subject = 연습
[INFO ] 24-10-18 13:58:52 [MyInterceptor:80] - (parma)<---content = <p>adjfaudg</p>
[INFO ] 24-10-18 13:58:52 [MyInterceptor:87] - - REFERER : time=-9004, url=http://localhost:8080/
[DEBUG] 24-10-18 13:58:52 [MailerController:40] - <p>adjfaudg</p>
[DEBUG] 24-10-18 13:58:52 [MailerController:41] - ---------------------------------------------
[DEBUG] 24-10-18 13:58:52 [MailerController:42] - senderName: 길주
[DEBUG] 24-10-18 13:58:52 [MailerController:43] - senderEmail: rlfwn528@gmail.com
[DEBUG] 24-10-18 13:58:52 [MailerController:44] - receiverName: 길주
[DEBUG] 24-10-18 13:58:52 [MailerController:45] - receiverEmail: rlfwn528@naver.com
[DEBUG] 24-10-18 13:58:52 [MailerController:46] - subject: 연습
[DEBUG] 24-10-18 13:58:52 [MailerController:47] - content: <p>adjfaudg</p>
[DEBUG] 24-10-18 13:58:52 [MailerController:48] - ---------------------------------------------
[INFO ] 24-10-18 13:58:56 [MyInterceptor:97] - running time: 4376(ms)
[INFO ] 24-10-18 13:58:56 [MyInterceptor:38] - ----------------- new client connect -----------------
[INFO ] 24-10-18 13:58:56 [MyInterceptor:55] - [Client] 0:0:0:0:0:0:0:1, Mac, Mac OS X, 10.15, Chrome, 129.0
[INFO ] 24-10-18 13:58:56 [MyInterceptor:73] - [GET] http://localhost:8080/
[INFO ] 24-10-18 13:58:56 [MyInterceptor:87] - - REFERER : time=-13, url=http://localhost:8080/
[INFO ] 24-10-18 13:58:56 [MyInterceptor:97] - running time: 36(ms)
[INFO ] 24-10-18 14:13:11 [MailerApplication:50] - Starting MailerApplication using Java 17.0.2 with PID 14367 (/Users/song-gilju/Desktop/web3/09-SpringBoot/07-mailer/build/classes/java/main started by song-gilju in /Users/song-gilju/Desktop/web3/09-SpringBoot/07-mailer)
[DEBUG] 24-10-18 14:13:11 [MailerApplication:51] - Running with Spring Boot v3.3.4, Spring v6.1.13
[INFO ] 24-10-18 14:13:11 [MailerApplication:654] - No active profile set, falling back to 1 default profile: "default"
[INFO ] 24-10-18 14:13:12 [MailerApplication:56] - Started MailerApplication in 0.85 seconds (process running for 1.104)
[INFO ] 24-10-18 14:13:17 [MyInterceptor:38] - ----------------- new client connect -----------------
[INFO ] 24-10-18 14:13:17 [MyInterceptor:55] - [Client] 0:0:0:0:0:0:0:1, Mac, Mac OS X, 10.15, Chrome, 129.0
[INFO ] 24-10-18 14:13:17 [MyInterceptor:73] - [GET] http://localhost:8080/
[INFO ] 24-10-18 14:13:17 [MyInterceptor:97] - running time: 85(ms)
[INFO ] 24-10-18 14:14:13 [MyInterceptor:38] - ----------------- new client connect -----------------
[INFO ] 24-10-18 14:14:13 [MyInterceptor:55] - [Client] 0:0:0:0:0:0:0:1, Mac, Mac OS X, 10.15, Chrome, 129.0
[INFO ] 24-10-18 14:14:13 [MyInterceptor:73] - [POST] http://localhost:8080/sendmail
[INFO ] 24-10-18 14:14:13 [MyInterceptor:80] - (parma)<---sender-name = 길주
[INFO ] 24-10-18 14:14:13 [MyInterceptor:80] - (parma)<---sender-email = rlfwn528@gmail.com
[INFO ] 24-10-18 14:14:13 [MyInterceptor:80] - (parma)<---receiver-name = 경환쓰!!!!
[INFO ] 24-10-18 14:14:13 [MyInterceptor:80] - (parma)<---receiver-email = codesecombine@gmail.com
[INFO ] 24-10-18 14:14:13 [MyInterceptor:80] - (parma)<---subject = 여보안뇽
[INFO ] 24-10-18 14:14:13 [MyInterceptor:80] - (parma)<---content = <p>이건 실습!! 내가만든 메일보내기!!! 헤헤</p>
[INFO ] 24-10-18 14:14:13 [MyInterceptor:87] - - REFERER : time=-55469, url=http://localhost:8080/
[DEBUG] 24-10-18 14:14:13 [MailerController:40] - <p>이건 실습!! 내가만든 메일보내기!!! 헤헤</p>
[DEBUG] 24-10-18 14:14:13 [MailerController:41] - ---------------------------------------------
[DEBUG] 24-10-18 14:14:13 [MailerController:42] - senderName: 길주
[DEBUG] 24-10-18 14:14:13 [MailerController:43] - senderEmail: rlfwn528@gmail.com
[DEBUG] 24-10-18 14:14:13 [MailerController:44] - receiverName: 경환쓰!!!!
[DEBUG] 24-10-18 14:14:13 [MailerController:45] - receiverEmail: codesecombine@gmail.com
[DEBUG] 24-10-18 14:14:13 [MailerController:46] - subject: 여보안뇽
[DEBUG] 24-10-18 14:14:13 [MailerController:47] - content: <p>이건 실습!! 내가만든 메일보내기!!! 헤헤</p>
[DEBUG] 24-10-18 14:14:13 [MailerController:48] - ---------------------------------------------
[INFO ] 24-10-18 14:14:16 [MyInterceptor:97] - running time: 3650(ms)
[INFO ] 24-10-18 14:14:16 [MyInterceptor:38] - ----------------- new client connect -----------------
[INFO ] 24-10-18 14:14:16 [MyInterceptor:55] - [Client] 0:0:0:0:0:0:0:1, Mac, Mac OS X, 10.15, Chrome, 129.0
[INFO ] 24-10-18 14:14:16 [MyInterceptor:73] - [GET] http://localhost:8080/
[INFO ] 24-10-18 14:14:16 [MyInterceptor:87] - - REFERER : time=-16, url=http://localhost:8080/
[INFO ] 24-10-18 14:14:16 [MyInterceptor:97] - running time: 28(ms)
[INFO ] 24-10-18 14:17:41 [MyInterceptor:38] - ----------------- new client connect -----------------
[INFO ] 24-10-18 14:17:41 [MyInterceptor:55] - [Client] 0:0:0:0:0:0:0:1, Mac, Mac OS X, 10.15, Chrome, 129.0
[INFO ] 24-10-18 14:17:41 [MyInterceptor:73] - [POST] http://localhost:8080/sendmail
[INFO ] 24-10-18 14:17:41 [MyInterceptor:80] - (parma)<---sender-name = 길주
[INFO ] 24-10-18 14:17:41 [MyInterceptor:80] - (parma)<---sender-email = rlfwn528@gmail.com
[INFO ] 24-10-18 14:17:41 [MyInterceptor:80] - (parma)<---receiver-name = 경환쓰!!!!
[INFO ] 24-10-18 14:17:41 [MyInterceptor:80] - (parma)<---receiver-email = cosmocombine@gmail.com
[INFO ] 24-10-18 14:17:41 [MyInterceptor:80] - (parma)<---subject = 여보안뇽
[INFO ] 24-10-18 14:17:41 [MyInterceptor:80] - (parma)<---content = <p>이건 내가 만든걸로 보내는 메일이야!! 신기하지?</p>
[INFO ] 24-10-18 14:17:41 [MyInterceptor:87] - - REFERER : time=-204622, url=http://localhost:8080/
[DEBUG] 24-10-18 14:17:41 [MailerController:40] - <p>이건 내가 만든걸로 보내는 메일이야!! 신기하지?</p>
[DEBUG] 24-10-18 14:17:41 [MailerController:41] - ---------------------------------------------
[DEBUG] 24-10-18 14:17:41 [MailerController:42] - senderName: 길주
[DEBUG] 24-10-18 14:17:41 [MailerController:43] - senderEmail: rlfwn528@gmail.com
[DEBUG] 24-10-18 14:17:41 [MailerController:44] - receiverName: 경환쓰!!!!
[DEBUG] 24-10-18 14:17:41 [MailerController:45] - receiverEmail: cosmocombine@gmail.com
[DEBUG] 24-10-18 14:17:41 [MailerController:46] - subject: 여보안뇽
[DEBUG] 24-10-18 14:17:41 [MailerController:47] - content: <p>이건 내가 만든걸로 보내는 메일이야!! 신기하지?</p>
[DEBUG] 24-10-18 14:17:41 [MailerController:48] - ---------------------------------------------
[INFO ] 24-10-18 14:17:45 [MyInterceptor:97] - running time: 4011(ms)
[INFO ] 24-10-18 14:17:45 [MyInterceptor:38] - ----------------- new client connect -----------------
[INFO ] 24-10-18 14:17:45 [MyInterceptor:55] - [Client] 0:0:0:0:0:0:0:1, Mac, Mac OS X, 10.15, Chrome, 129.0
[INFO ] 24-10-18 14:17:45 [MyInterceptor:73] - [GET] http://localhost:8080/
[INFO ] 24-10-18 14:17:45 [MyInterceptor:87] - - REFERER : time=-15, url=http://localhost:8080/
[INFO ] 24-10-18 14:17:45 [MyInterceptor:97] - running time: 29(ms)
[INFO ] 24-10-18 16:57:16 [MailerApplication:50] - Starting MailerApplication using Java 17.0.2 with PID 25520 (/Users/song-gilju/Desktop/web3/09-SpringBoot/07-mailer/build/classes/java/main started by song-gilju in /Users/song-gilju/Desktop/web3/09-SpringBoot/07-mailer)
[DEBUG] 24-10-18 16:57:16 [MailerApplication:51] - Running with Spring Boot v3.3.4, Spring v6.1.13
[INFO ] 24-10-18 16:57:16 [MailerApplication:654] - No active profile set, falling back to 1 default profile: "default"
[INFO ] 24-10-18 16:57:17 [MailerApplication:56] - Started MailerApplication in 0.888 seconds (process running for 1.137)
[INFO ] 24-10-18 16:57:22 [MyInterceptor:38] - ----------------- new client connect -----------------
[INFO ] 24-10-18 16:57:22 [MyInterceptor:55] - [Client] 0:0:0:0:0:0:0:1, Mac, Mac OS X, 10.15, Chrome, 129.0
[INFO ] 24-10-18 16:57:22 [MyInterceptor:73] - [GET] http://localhost:8080/
[INFO ] 24-10-18 16:57:22 [MyInterceptor:97] - running time: 93(ms)
[INFO ] 24-10-18 17:02:47 [MailerApplication:50] - Starting MailerApplication using Java 17.0.2 with PID 27361 (/Users/song-gilju/Desktop/web3/09-SpringBoot/07-mailer/build/classes/java/main started by song-gilju in /Users/song-gilju/Desktop/web3/09-SpringBoot/07-mailer)
[DEBUG] 24-10-18 17:02:47 [MailerApplication:51] - Running with Spring Boot v3.3.4, Spring v6.1.13
[INFO ] 24-10-18 17:02:47 [MailerApplication:654] - No active profile set, falling back to 1 default profile: "default"
[INFO ] 24-10-18 17:02:48 [MailerApplication:56] - Started MailerApplication in 0.884 seconds (process running for 1.129)
